# JRE version: Java(TM) SE Runtime Environment (8.0_91-b14) (build 1.8.0_91-b14)
# Java VM: Java HotSpot(TM) 64-Bit Server VM (25.91-b14 mixed mode linux-amd64 compressed oops)
Heap:
 PSYoungGen      total 288256K, used 42949K [0x00000000eab00000, 0x0000000100000000, 0x0000000100000000)
  eden space 250880K, 2% used [0x00000000eab00000,0x00000000eb077ed8,0x00000000fa000000)
  from space 37376K, 99% used [0x00000000fdb80000,0x00000000ffff98f8,0x0000000100000000)
  to   space 49152K, 0% used [0x00000000fa000000,0x00000000fa000000,0x00000000fd000000)
 ParOldGen       total 699392K, used 543322K [0x00000000c0000000, 0x00000000eab00000, 0x00000000eab00000)
  object space 699392K, 77% used [0x00000000c0000000,0x00000000e1296840,0x00000000eab00000)
 Metaspace       used 78614K, capacity 78931K, committed 79360K, reserved 1118208K
  class space    used 10555K, capacity 10664K, committed 10752K, reserved 1048576K
GC Heap History (10 events):
Event: 748.298 GC heap before
{Heap before GC invocations=71 (full 3):
 PSYoungGen      total 301056K, used 271633K [0x00000000eab00000, 0x0000000100000000, 0x0000000100000000)
  eden space 256000K, 100% used [0x00000000eab00000,0x00000000fa500000,0x00000000fa500000)
  from space 45056K, 34% used [0x00000000fa500000,0x00000000fb444440,0x00000000fd100000)
  to   space 41984K, 0% used [0x00000000fd700000,0x00000000fd700000,0x0000000100000000)
 ParOldGen       total 699392K, used 527236K [0x00000000c0000000, 0x00000000eab00000, 0x00000000eab00000)
  object space 699392K, 75% used [0x00000000c0000000,0x00000000e02e13a8,0x00000000eab00000)
 Metaspace       used 77070K, capacity 77369K, committed 77952K, reserved 1116160K
  class space    used 10433K, capacity 10523K, committed 10624K, reserved 1048576K
Event: 748.320 GC heap after
Heap after GC invocations=71 (full 3):
 PSYoungGen      total 309760K, used 15392K [0x00000000eab00000, 0x0000000100000000, 0x0000000100000000)
  eden space 267776K, 0% used [0x00000000eab00000,0x00000000eab00000,0x00000000fb080000)
  from space 41984K, 36% used [0x00000000fd700000,0x00000000fe608058,0x0000000100000000)
  to   space 39424K, 0% used [0x00000000fb080000,0x00000000fb080000,0x00000000fd700000)
 ParOldGen       total 699392K, used 527244K [0x00000000c0000000, 0x00000000eab00000, 0x00000000eab00000)
  object space 699392K, 75% used [0x00000000c0000000,0x00000000e02e33a8,0x00000000eab00000)
 Metaspace       used 77070K, capacity 77369K, committed 77952K, reserved 1116160K
  class space    used 10433K, capacity 10523K, committed 10624K, reserved 1048576K
}
Event: 828.956 GC heap before
{Heap before GC invocations=72 (full 3):
 PSYoungGen      total 309760K, used 283168K [0x00000000eab00000, 0x0000000100000000, 0x0000000100000000)
  eden space 267776K, 100% used [0x00000000eab00000,0x00000000fb080000,0x00000000fb080000)
  from space 41984K, 36% used [0x00000000fd700000,0x00000000fe608058,0x0000000100000000)
  to   space 39424K, 0% used [0x00000000fb080000,0x00000000fb080000,0x00000000fd700000)
 ParOldGen       total 699392K, used 527244K [0x00000000c0000000, 0x00000000eab00000, 0x00000000eab00000)
  object space 699392K, 75% used [0x00000000c0000000,0x00000000e02e33a8,0x00000000eab00000)
 Metaspace       used 77485K, capacity 77753K, committed 78208K, reserved 1116160K
  class space    used 10436K, capacity 10523K, committed 10624K, reserved 1048576K
Event: 828.980 GC heap after
Heap after GC invocations=72 (full 3):
 PSYoungGen      total 307200K, used 26068K [0x00000000eab00000, 0x0000000100000000, 0x0000000100000000)
  eden space 267776K, 0% used [0x00000000eab00000,0x00000000eab00000,0x00000000fb080000)
  from space 39424K, 66% used [0x00000000fb080000,0x00000000fc9f5080,0x00000000fd700000)
  to   space 40960K, 0% used [0x00000000fd800000,0x00000000fd800000,0x0000000100000000)
 ParOldGen       total 699392K, used 527252K [0x00000000c0000000, 0x00000000eab00000, 0x00000000eab00000)
  object space 699392K, 75% used [0x00000000c0000000,0x00000000e02e53a8,0x00000000eab00000)
 Metaspace       used 77485K, capacity 77753K, committed 78208K, reserved 1116160K
  class space    used 10436K, capacity 10523K, committed 10624K, reserved 1048576K
}
Event: 1001.687 GC heap before
{Heap before GC invocations=73 (full 3):
 PSYoungGen      total 307200K, used 293844K [0x00000000eab00000, 0x0000000100000000, 0x0000000100000000)
  eden space 267776K, 100% used [0x00000000eab00000,0x00000000fb080000,0x00000000fb080000)
  from space 39424K, 66% used [0x00000000fb080000,0x00000000fc9f5080,0x00000000fd700000)
  to   space 40960K, 0% used [0x00000000fd800000,0x00000000fd800000,0x0000000100000000)
 ParOldGen       total 699392K, used 527252K [0x00000000c0000000, 0x00000000eab00000, 0x00000000eab00000)
  object space 699392K, 75% used [0x00000000c0000000,0x00000000e02e53a8,0x00000000eab00000)
 Metaspace       used 77736K, capacity 78041K, committed 78464K, reserved 1118208K
  class space    used 10456K, capacity 10555K, committed 10624K, reserved 1048576K
Event: 1001.708 GC heap after
Heap after GC invocations=73 (full 3):
 PSYoungGen      total 309760K, used 18648K [0x00000000eab00000, 0x0000000100000000, 0x0000000100000000)
  eden space 268800K, 0% used [0x00000000eab00000,0x00000000eab00000,0x00000000fb180000)
  from space 40960K, 45% used [0x00000000fd800000,0x00000000fea36328,0x0000000100000000)
  to   space 39424K, 0% used [0x00000000fb180000,0x00000000fb180000,0x00000000fd800000)
 ParOldGen       total 699392K, used 527260K [0x00000000c0000000, 0x00000000eab00000, 0x00000000eab00000)
  object space 699392K, 75% used [0x00000000c0000000,0x00000000e02e73a8,0x00000000eab00000)
 Metaspace       used 77736K, capacity 78041K, committed 78464K, reserved 1118208K
  class space    used 10456K, capacity 10555K, committed 10624K, reserved 1048576K
}
Event: 1058.111 GC heap before
{Heap before GC invocations=74 (full 3):
 PSYoungGen      total 309760K, used 287448K [0x00000000eab00000, 0x0000000100000000, 0x0000000100000000)
  eden space 268800K, 100% used [0x00000000eab00000,0x00000000fb180000,0x00000000fb180000)
  from space 40960K, 45% used [0x00000000fd800000,0x00000000fea36328,0x0000000100000000)
  to   space 39424K, 0% used [0x00000000fb180000,0x00000000fb180000,0x00000000fd800000)
 ParOldGen       total 699392K, used 527260K [0x00000000c0000000, 0x00000000eab00000, 0x00000000eab00000)
  object space 699392K, 75% used [0x00000000c0000000,0x00000000e02e73a8,0x00000000eab00000)
 Metaspace       used 78103K, capacity 78361K, committed 78720K, reserved 1118208K
  class space    used 10508K, capacity 10619K, committed 10624K, reserved 1048576K
Event: 1058.129 GC heap after
Heap after GC invocations=74 (full 3):
 PSYoungGen      total 308224K, used 16837K [0x00000000eab00000, 0x0000000100000000, 0x0000000100000000)
  eden space 268800K, 0% used [0x00000000eab00000,0x00000000eab00000,0x00000000fb180000)
  from space 39424K, 42% used [0x00000000fb180000,0x00000000fc1f1780,0x00000000fd800000)
  to   space 37376K, 0% used [0x00000000fdb80000,0x00000000fdb80000,0x0000000100000000)
 ParOldGen       total 699392K, used 527268K [0x00000000c0000000, 0x00000000eab00000, 0x00000000eab00000)
  object space 699392K, 75% used [0x00000000c0000000,0x00000000e02e93a8,0x00000000eab00000)
 Metaspace       used 78103K, capacity 78361K, committed 78720K, reserved 1118208K
  class space    used 10508K, capacity 10619K, committed 10624K, reserved 1048576K
}
Event: 1181.214 GC heap before
{Heap before GC invocations=75 (full 3):
 PSYoungGen      total 308224K, used 285637K [0x00000000eab00000, 0x0000000100000000, 0x0000000100000000)
  eden space 268800K, 100% used [0x00000000eab00000,0x00000000fb180000,0x00000000fb180000)
  from space 39424K, 42% used [0x00000000fb180000,0x00000000fc1f1780,0x00000000fd800000)
  to   space 37376K, 0% used [0x00000000fdb80000,0x00000000fdb80000,0x0000000100000000)
 ParOldGen       total 699392K, used 527268K [0x00000000c0000000, 0x00000000eab00000, 0x00000000eab00000)
  object space 699392K, 75% used [0x00000000c0000000,0x00000000e02e93a8,0x00000000eab00000)
 Metaspace       used 78614K, capacity 78931K, committed 79360K, reserved 1118208K
  class space    used 10555K, capacity 10664K, committed 10752K, reserved 1048576K
Event: 1181.289 GC heap after
Heap after GC invocations=75 (full 3):
 PSYoungGen      total 288256K, used 37350K [0x00000000eab00000, 0x0000000100000000, 0x0000000100000000)
  eden space 250880K, 0% used [0x00000000eab00000,0x00000000eab00000,0x00000000fa000000)
  from space 37376K, 99% used [0x00000000fdb80000,0x00000000ffff98f8,0x0000000100000000)
  to   space 49152K, 0% used [0x00000000fa000000,0x00000000fa000000,0x00000000fd000000)
 ParOldGen       total 699392K, used 543322K [0x00000000c0000000, 0x00000000eab00000, 0x00000000eab00000)
  object space 699392K, 77% used [0x00000000c0000000,0x00000000e1296840,0x00000000eab00000)
 Metaspace       used 78614K, capacity 78931K, committed 79360K, reserved 1118208K
  class space    used 10555K, capacity 10664K, committed 10752K, reserved 1048576K
}

